0 info it worked if it ends with ok
1 verbose cli [ 'node', '/usr/local/bin/npm', 'install' ]
2 info using npm@1.4.28
3 info using node@v0.10.33
4 warn package.json IFE-wifi-GamePlatform@0.0.1 No repository field.
5 warn package.json IFE-wifi-GamePlatform@0.0.1 No README data
6 verbose readDependencies using package.json deps
7 verbose install where, deps [ '/Users/xinyiliu/DEV/GIT/lys/node/GamePlatform-WS-Server',
7 verbose install   [ 'socket.io', 'mongodb', 'monk', 'dependable' ] ]
8 info preinstall IFE-wifi-GamePlatform@0.0.1
9 verbose readDependencies using package.json deps
10 verbose cache add [ 'socket.io@git@github.com:lyDASHsBOK/socket.io.git#master',
10 verbose cache add   null ]
11 verbose cache add name=undefined spec="socket.io@git@github.com:lyDASHsBOK/socket.io.git#master" args=["socket.io@git@github.com:lyDASHsBOK/socket.io.git#master",null]
12 verbose parsed url { protocol: null,
12 verbose parsed url   slashes: null,
12 verbose parsed url   auth: null,
12 verbose parsed url   host: null,
12 verbose parsed url   port: null,
12 verbose parsed url   hostname: null,
12 verbose parsed url   hash: '#master',
12 verbose parsed url   search: null,
12 verbose parsed url   query: null,
12 verbose parsed url   pathname: 'socket.io@git@github.com:lyDASHsBOK/socket.io.git',
12 verbose parsed url   path: 'socket.io@git@github.com:lyDASHsBOK/socket.io.git',
12 verbose parsed url   href: 'socket.io@git@github.com:lyDASHsBOK/socket.io.git#master' }
13 verbose already installed skipping mongodb@>= 1.0.0 /Users/xinyiliu/DEV/GIT/lys/node/GamePlatform-WS-Server
14 verbose already installed skipping monk@>= 0.9.0 /Users/xinyiliu/DEV/GIT/lys/node/GamePlatform-WS-Server
15 verbose cache add name="socket.io" spec="git@github.com:lyDASHsBOK/socket.io.git#master" args=["socket.io","git@github.com:lyDASHsBOK/socket.io.git#master"]
16 verbose parsed url { protocol: null,
16 verbose parsed url   slashes: null,
16 verbose parsed url   auth: null,
16 verbose parsed url   host: null,
16 verbose parsed url   port: null,
16 verbose parsed url   hostname: null,
16 verbose parsed url   hash: '#master',
16 verbose parsed url   search: null,
16 verbose parsed url   query: null,
16 verbose parsed url   pathname: 'git@github.com:lyDASHsBOK/socket.io.git',
16 verbose parsed url   path: 'git@github.com:lyDASHsBOK/socket.io.git',
16 verbose parsed url   href: 'git@github.com:lyDASHsBOK/socket.io.git#master' }
17 verbose addNamed [ 'socket.io',
17 verbose addNamed   'git@github.com:lyDASHsBOK/socket.io.git#master' ]
18 verbose addNamed [ null, null ]
19 verbose already installed skipping dependable@>0.1.0 /Users/xinyiliu/DEV/GIT/lys/node/GamePlatform-WS-Server
20 silly lockFile 7eaaa554--lyDASHsBOK-socket-io-git-master socket.io@git@github.com:lyDASHsBOK/socket.io.git#master
21 verbose lock socket.io@git@github.com:lyDASHsBOK/socket.io.git#master /Users/xinyiliu/.npm/7eaaa554--lyDASHsBOK-socket-io-git-master.lock
22 info addNameTag [ 'socket.io',
22 info addNameTag   'git@github.com:lyDASHsBOK/socket.io.git#master' ]
23 verbose request where is /socket.io
24 verbose request registry https://registry.npmjs.org/
25 verbose request id 51a3128db4b31e87
26 verbose url raw /socket.io
27 verbose url resolving [ 'https://registry.npmjs.org/', './socket.io' ]
28 verbose url resolved https://registry.npmjs.org/socket.io
29 verbose request where is https://registry.npmjs.org/socket.io
30 info trying registry request attempt 1 at 22:52:53
31 verbose etag "3E4KFF3BGDOAN7VQAHG60MQ73"
32 http GET https://registry.npmjs.org/socket.io
33 http 304 https://registry.npmjs.org/socket.io
34 silly registry.get cb [ 304,
34 silly registry.get   { date: 'Mon, 29 Dec 2014 14:52:56 GMT',
34 silly registry.get     server: 'Apache',
34 silly registry.get     via: '1.1 varnish',
34 silly registry.get     'last-modified': 'Mon, 29 Dec 2014 14:52:56 GMT',
34 silly registry.get     'cache-control': 'max-age=60',
34 silly registry.get     etag: '"3E4KFF3BGDOAN7VQAHG60MQ73"',
34 silly registry.get     age: '43',
34 silly registry.get     'x-served-by': 'cache-dfw1825-DFW',
34 silly registry.get     'x-cache': 'HIT',
34 silly registry.get     'x-cache-hits': '1',
34 silly registry.get     'x-timer': 'S1419864776.644642,VS0,VE0',
34 silly registry.get     vary: 'Accept',
34 silly registry.get     'content-length': '0',
34 silly registry.get     'keep-alive': 'timeout=10, max=50',
34 silly registry.get     connection: 'Keep-Alive' } ]
35 verbose etag https://registry.npmjs.org/socket.io from cache
36 info maybeGithub Attempting git@github.com:lyDASHsBOK/socket.io.git#master from git://github.com/git@github.com:lyDASHsBOK/socket.io.git#master
37 silly lockFile 7932401f-hub-com-lyDASHsBOK-socket-io-git git://github.com/git@github.com:lyDASHsBOK/socket.io.git
38 verbose lock git://github.com/git@github.com:lyDASHsBOK/socket.io.git /Users/xinyiliu/.npm/7932401f-hub-com-lyDASHsBOK-socket-io-git.lock
39 verbose addRemoteGit [ 'git://github.com/git@github.com:lyDASHsBOK/socket.io.git',
39 verbose addRemoteGit   'master' ]
40 verbose git clone git://github.com/git@github.com:lyDASHsBOK/socket.io.git Cloning into bare repository '/Users/xinyiliu/.npm/_git-remotes/git-github-com-git-github-com-lyDASHsBOK-socket-io-git-7932401f'...
40 verbose git clone git://github.com/git@github.com:lyDASHsBOK/socket.io.git fatal: remote error:
40 verbose git clone git://github.com/git@github.com:lyDASHsBOK/socket.io.git   git@github.com:lyDASHsBOK/socket.io is not a valid repository name
40 verbose git clone git://github.com/git@github.com:lyDASHsBOK/socket.io.git   Email support@github.com for help
41 silly lockFile 7932401f-hub-com-lyDASHsBOK-socket-io-git git://github.com/git@github.com:lyDASHsBOK/socket.io.git
42 silly lockFile 7932401f-hub-com-lyDASHsBOK-socket-io-git git://github.com/git@github.com:lyDASHsBOK/socket.io.git
43 info maybeGithub Attempting git@github.com:lyDASHsBOK/socket.io.git#master from git+ssh://git@github.com:git@github.com:lyDASHsBOK/socket.io.git#master
44 silly lockFile c2843d2e-hub-com-lyDASHsBOK-socket-io-git git@github.com:git@github.com:lyDASHsBOK/socket.io.git
45 verbose lock git@github.com:git@github.com:lyDASHsBOK/socket.io.git /Users/xinyiliu/.npm/c2843d2e-hub-com-lyDASHsBOK-socket-io-git.lock
46 verbose addRemoteGit [ 'git@github.com:git@github.com:lyDASHsBOK/socket.io.git',
46 verbose addRemoteGit   'master' ]
47 error git clone git@github.com:git@github.com:lyDASHsBOK/socket.io.git Cloning into bare repository '/Users/xinyiliu/.npm/_git-remotes/git-github-com-git-github-com-lyDASHsBOK-socket-io-git-c2843d2e'...
47 error git clone git@github.com:git@github.com:lyDASHsBOK/socket.io.git fatal: remote error:
47 error git clone git@github.com:git@github.com:lyDASHsBOK/socket.io.git    is not a valid repository name
47 error git clone git@github.com:git@github.com:lyDASHsBOK/socket.io.git   Email support@github.com for help
48 silly lockFile c2843d2e-hub-com-lyDASHsBOK-socket-io-git git@github.com:git@github.com:lyDASHsBOK/socket.io.git
49 silly lockFile c2843d2e-hub-com-lyDASHsBOK-socket-io-git git@github.com:git@github.com:lyDASHsBOK/socket.io.git
50 silly lockFile 7eaaa554--lyDASHsBOK-socket-io-git-master socket.io@git@github.com:lyDASHsBOK/socket.io.git#master
51 silly lockFile 7eaaa554--lyDASHsBOK-socket-io-git-master socket.io@git@github.com:lyDASHsBOK/socket.io.git#master
52 error notarget No compatible version found: socket.io@'git@github.com:lyDASHsBOK/socket.io.git#master'
52 error notarget Valid install targets:
52 error notarget ["0.3.8","0.4.0","0.4.1","0.5.1","0.5.3","0.6.0","0.6.1","0.6.3","0.6.4","0.6.5","0.6.6","0.6.7","0.6.8","0.6.9","0.6.10","0.6.11","0.6.12","0.6.14","0.6.15","0.6.16","0.6.17","0.6.18","0.7.0","0.7.1","0.7.2","0.7.3","0.7.4","0.7.5","0.7.6","0.7.7","0.7.8","0.7.9","0.7.10","0.7.11","0.8.0","0.8.1","0.8.2","0.8.3","0.8.4","0.8.5","0.8.6","0.8.7","0.9.0","0.9.1","0.9.1-1","0.9.2","0.9.3","0.9.4","0.9.5","0.9.6","0.9.7","0.9.8","0.9.9","0.9.10","0.9.11","0.9.12","0.9.13","0.9.14","0.9.15","0.9.16","1.0.0-pre","1.0.0-pre2","1.0.0-pre3","1.0.0-pre4","1.0.0-pre5","0.9.17","1.0.0","1.0.1","1.0.2","1.0.3","1.0.4","1.0.5","1.0.6","1.1.0","1.2.0","1.2.1"]
52 error notarget
52 error notarget This is most likely not a problem with npm itself.
52 error notarget In most cases you or one of your dependencies are requesting
52 error notarget a package version that doesn't exist.
53 error System Darwin 13.4.0
54 error command "node" "/usr/local/bin/npm" "install"
55 error cwd /Users/xinyiliu/DEV/GIT/lys/node/GamePlatform-WS-Server
56 error node -v v0.10.33
57 error npm -v 1.4.28
58 error code ETARGET
59 verbose exit [ 1, true ]
