0 info it worked if it ends with ok
1 verbose cli [ 'node', '/usr/local/bin/npm', 'install' ]
2 info using npm@1.4.28
3 info using node@v0.10.33
4 warn package.json IFE-wifi-NodeChatSystem@0.0.1 No repository field.
5 warn package.json IFE-wifi-NodeChatSystem@0.0.1 No README data
6 verbose readDependencies using package.json deps
7 verbose install where, deps [ '/Users/xinyiliu/DEV/GIT/lys/node/GameServer',
7 verbose install   [ 'socket.io', 'mongodb', 'monk' ] ]
8 info preinstall IFE-wifi-NodeChatSystem@0.0.1
9 verbose readDependencies using package.json deps
10 verbose already installed skipping monk@>= 0.9.0 /Users/xinyiliu/DEV/GIT/lys/node/GameServer
11 verbose cache add [ 'socket.io@lyDASHsBOK/socket.io#add_any', null ]
12 verbose cache add name=undefined spec="socket.io@lyDASHsBOK/socket.io#add_any" args=["socket.io@lyDASHsBOK/socket.io#add_any",null]
13 verbose parsed url { protocol: null,
13 verbose parsed url   slashes: null,
13 verbose parsed url   auth: null,
13 verbose parsed url   host: null,
13 verbose parsed url   port: null,
13 verbose parsed url   hostname: null,
13 verbose parsed url   hash: '#add_any',
13 verbose parsed url   search: null,
13 verbose parsed url   query: null,
13 verbose parsed url   pathname: 'socket.io@lyDASHsBOK/socket.io',
13 verbose parsed url   path: 'socket.io@lyDASHsBOK/socket.io',
13 verbose parsed url   href: 'socket.io@lyDASHsBOK/socket.io#add_any' }
14 verbose already installed skipping mongodb@>= 1.0.0 /Users/xinyiliu/DEV/GIT/lys/node/GameServer
15 verbose cache add name="socket.io" spec="lyDASHsBOK/socket.io#add_any" args=["socket.io","lyDASHsBOK/socket.io#add_any"]
16 verbose parsed url { protocol: null,
16 verbose parsed url   slashes: null,
16 verbose parsed url   auth: null,
16 verbose parsed url   host: null,
16 verbose parsed url   port: null,
16 verbose parsed url   hostname: null,
16 verbose parsed url   hash: '#add_any',
16 verbose parsed url   search: null,
16 verbose parsed url   query: null,
16 verbose parsed url   pathname: 'lyDASHsBOK/socket.io',
16 verbose parsed url   path: 'lyDASHsBOK/socket.io',
16 verbose parsed url   href: 'lyDASHsBOK/socket.io#add_any' }
17 verbose addNamed [ 'socket.io', 'lyDASHsBOK/socket.io#add_any' ]
18 verbose addNamed [ null, null ]
19 silly lockFile 0ec6ebc7--io-lyDASHsBOK-socket-io-add-any socket.io@lyDASHsBOK/socket.io#add_any
20 verbose lock socket.io@lyDASHsBOK/socket.io#add_any /Users/xinyiliu/.npm/0ec6ebc7--io-lyDASHsBOK-socket-io-add-any.lock
21 info addNameTag [ 'socket.io', 'lyDASHsBOK/socket.io#add_any' ]
22 verbose request where is /socket.io
23 verbose request registry https://registry.npmjs.org/
24 verbose request id 9843dc679d7af652
25 verbose url raw /socket.io
26 verbose url resolving [ 'https://registry.npmjs.org/', './socket.io' ]
27 verbose url resolved https://registry.npmjs.org/socket.io
28 verbose request where is https://registry.npmjs.org/socket.io
29 info trying registry request attempt 1 at 19:18:28
30 verbose etag "DSO0REGFP3A9VHG0TN3PSQK6J"
31 http GET https://registry.npmjs.org/socket.io
32 http 304 https://registry.npmjs.org/socket.io
33 silly registry.get cb [ 304,
33 silly registry.get   { date: 'Tue, 30 Dec 2014 11:18:31 GMT',
33 silly registry.get     server: 'Apache',
33 silly registry.get     via: '1.1 varnish',
33 silly registry.get     'last-modified': 'Tue, 30 Dec 2014 11:18:31 GMT',
33 silly registry.get     'cache-control': 'max-age=60',
33 silly registry.get     etag: '"DSO0REGFP3A9VHG0TN3PSQK6J"',
33 silly registry.get     age: '0',
33 silly registry.get     'x-served-by': 'cache-ty68-TYO',
33 silly registry.get     'x-cache': 'HIT',
33 silly registry.get     'x-cache-hits': '1',
33 silly registry.get     'x-timer': 'S1419938311.547456,VS0,VE113',
33 silly registry.get     vary: 'Accept',
33 silly registry.get     'content-length': '0',
33 silly registry.get     'keep-alive': 'timeout=10, max=50',
33 silly registry.get     connection: 'Keep-Alive' } ]
34 verbose etag https://registry.npmjs.org/socket.io from cache
35 info maybeGithub Attempting lyDASHsBOK/socket.io#add_any from git://github.com/lyDASHsBOK/socket.io#add_any
36 silly lockFile 3bd3834e--github-com-lyDASHsBOK-socket-io git://github.com/lyDASHsBOK/socket.io
37 verbose lock git://github.com/lyDASHsBOK/socket.io /Users/xinyiliu/.npm/3bd3834e--github-com-lyDASHsBOK-socket-io.lock
38 verbose addRemoteGit [ 'git://github.com/lyDASHsBOK/socket.io', 'add_any' ]
39 verbose git clone git://github.com/lyDASHsBOK/socket.io Cloning into bare repository '/Users/xinyiliu/.npm/_git-remotes/git-github-com-lyDASHsBOK-socket-io-3bd3834e'...
40 error git fetch -a origin (git://github.com/lyDASHsBOK/socket.io) fatal: Unable to look up github.com (port 9418) (nodename nor servname provided, or not known)
41 silly lockFile 3bd3834e--github-com-lyDASHsBOK-socket-io git://github.com/lyDASHsBOK/socket.io
42 silly lockFile 3bd3834e--github-com-lyDASHsBOK-socket-io git://github.com/lyDASHsBOK/socket.io
43 info maybeGithub Attempting lyDASHsBOK/socket.io#add_any from git+ssh://git@github.com:lyDASHsBOK/socket.io#add_any
44 silly lockFile 6f8d5a64--github-com-lyDASHsBOK-socket-io git@github.com:lyDASHsBOK/socket.io
45 verbose lock git@github.com:lyDASHsBOK/socket.io /Users/xinyiliu/.npm/6f8d5a64--github-com-lyDASHsBOK-socket-io.lock
46 verbose addRemoteGit [ 'git@github.com:lyDASHsBOK/socket.io', 'add_any' ]
47 error git clone git@github.com:lyDASHsBOK/socket.io Cloning into bare repository '/Users/xinyiliu/.npm/_git-remotes/git-github-com-lyDASHsBOK-socket-io-6f8d5a64'...
47 error git clone git@github.com:lyDASHsBOK/socket.io ssh: Could not resolve hostname github.com: nodename nor servname provided, or not known
47 error git clone git@github.com:lyDASHsBOK/socket.io fatal: Could not read from remote repository.
47 error git clone git@github.com:lyDASHsBOK/socket.io
47 error git clone git@github.com:lyDASHsBOK/socket.io Please make sure you have the correct access rights
47 error git clone git@github.com:lyDASHsBOK/socket.io and the repository exists.
48 silly lockFile 6f8d5a64--github-com-lyDASHsBOK-socket-io git@github.com:lyDASHsBOK/socket.io
49 silly lockFile 6f8d5a64--github-com-lyDASHsBOK-socket-io git@github.com:lyDASHsBOK/socket.io
50 silly lockFile 0ec6ebc7--io-lyDASHsBOK-socket-io-add-any socket.io@lyDASHsBOK/socket.io#add_any
51 silly lockFile 0ec6ebc7--io-lyDASHsBOK-socket-io-add-any socket.io@lyDASHsBOK/socket.io#add_any
52 error notarget No compatible version found: socket.io@'lyDASHsBOK/socket.io#add_any'
52 error notarget Valid install targets:
52 error notarget ["0.3.8","0.4.0","0.4.1","0.5.1","0.5.3","0.6.0","0.6.1","0.6.3","0.6.4","0.6.5","0.6.6","0.6.7","0.6.8","0.6.9","0.6.10","0.6.11","0.6.12","0.6.14","0.6.15","0.6.16","0.6.17","0.6.18","0.7.0","0.7.1","0.7.2","0.7.3","0.7.4","0.7.5","0.7.6","0.7.7","0.7.8","0.7.9","0.7.10","0.7.11","0.8.0","0.8.1","0.8.2","0.8.3","0.8.4","0.8.5","0.8.6","0.8.7","0.9.0","0.9.1","0.9.1-1","0.9.2","0.9.3","0.9.4","0.9.5","0.9.6","0.9.7","0.9.8","0.9.9","0.9.10","0.9.11","0.9.12","0.9.13","0.9.14","0.9.15","0.9.16","1.0.0-pre","1.0.0-pre2","1.0.0-pre3","1.0.0-pre4","1.0.0-pre5","0.9.17","1.0.0","1.0.1","1.0.2","1.0.3","1.0.4","1.0.5","1.0.6","1.1.0","1.2.0","1.2.1"]
52 error notarget
52 error notarget This is most likely not a problem with npm itself.
52 error notarget In most cases you or one of your dependencies are requesting
52 error notarget a package version that doesn't exist.
53 error System Darwin 13.4.0
54 error command "node" "/usr/local/bin/npm" "install"
55 error cwd /Users/xinyiliu/DEV/GIT/lys/node/GameServer
56 error node -v v0.10.33
57 error npm -v 1.4.28
58 error code ETARGET
59 verbose exit [ 1, true ]
